<?xml version="1.0" encoding="UTF-8"?>
<testsuite xmlns:xsi="http://www.w3.org/2001/XMLSchema-instance" xsi:noNamespaceSchemaLocation="https://maven.apache.org/surefire/maven-surefire-plugin/xsd/surefire-test-report.xsd" name="com.grepclient.AppTest" time="0.065" tests="5" errors="0" skipped="0" failures="5">
  <properties>
    <property name="java.specification.version" value="22"/>
    <property name="sun.jnu.encoding" value="UTF-8"/>
    <property name="java.class.path" value="/Users/sanjay/Documents/UIUC/CS425/CS425-Distributed-Systems/grepclient/target/test-classes:/Users/sanjay/Documents/UIUC/CS425/CS425-Distributed-Systems/grepclient/target/classes:/Users/sanjay/.m2/repository/junit/junit/4.11/junit-4.11.jar:/Users/sanjay/.m2/repository/org/hamcrest/hamcrest-core/1.3/hamcrest-core-1.3.jar:/Users/sanjay/.m2/repository/org/projectlombok/lombok/1.18.34/lombok-1.18.34.jar:"/>
    <property name="java.vm.vendor" value="Homebrew"/>
    <property name="sun.arch.data.model" value="64"/>
    <property name="java.vendor.url" value="https://github.com/Homebrew/homebrew-core/issues"/>
    <property name="os.name" value="Mac OS X"/>
    <property name="java.vm.specification.version" value="22"/>
    <property name="sun.java.launcher" value="SUN_STANDARD"/>
    <property name="user.country" value="US"/>
    <property name="sun.boot.library.path" value="/opt/homebrew/Cellar/openjdk/22.0.2/libexec/openjdk.jdk/Contents/Home/lib"/>
    <property name="sun.java.command" value="/Users/sanjay/Documents/UIUC/CS425/CS425-Distributed-Systems/grepclient/target/surefire/surefirebooter7867183065126267754.jar /Users/sanjay/Documents/UIUC/CS425/CS425-Distributed-Systems/grepclient/target/surefire 2024-09-15T17-06-04_482-jvmRun1 surefire4181960917969880805tmp surefire_015461222468881462339tmp"/>
    <property name="http.nonProxyHosts" value="local|*.local|169.254/16|*.169.254/16"/>
    <property name="jdk.debug" value="release"/>
    <property name="surefire.test.class.path" value="/Users/sanjay/Documents/UIUC/CS425/CS425-Distributed-Systems/grepclient/target/test-classes:/Users/sanjay/Documents/UIUC/CS425/CS425-Distributed-Systems/grepclient/target/classes:/Users/sanjay/.m2/repository/junit/junit/4.11/junit-4.11.jar:/Users/sanjay/.m2/repository/org/hamcrest/hamcrest-core/1.3/hamcrest-core-1.3.jar:/Users/sanjay/.m2/repository/org/projectlombok/lombok/1.18.34/lombok-1.18.34.jar:"/>
    <property name="sun.cpu.endian" value="little"/>
    <property name="user.home" value="/Users/sanjay"/>
    <property name="user.language" value="en"/>
    <property name="java.specification.vendor" value="Oracle Corporation"/>
    <property name="java.version.date" value="2024-07-16"/>
    <property name="java.home" value="/opt/homebrew/Cellar/openjdk/22.0.2/libexec/openjdk.jdk/Contents/Home"/>
    <property name="file.separator" value="/"/>
    <property name="basedir" value="/Users/sanjay/Documents/UIUC/CS425/CS425-Distributed-Systems/grepclient"/>
    <property name="java.vm.compressedOopsMode" value="Zero based"/>
    <property name="line.separator" value="&#10;"/>
    <property name="java.vm.specification.vendor" value="Oracle Corporation"/>
    <property name="java.specification.name" value="Java Platform API Specification"/>
    <property name="apple.awt.application.name" value="ForkedBooter"/>
    <property name="surefire.real.class.path" value="/Users/sanjay/Documents/UIUC/CS425/CS425-Distributed-Systems/grepclient/target/surefire/surefirebooter7867183065126267754.jar"/>
    <property name="sun.management.compiler" value="HotSpot 64-Bit Tiered Compilers"/>
    <property name="ftp.nonProxyHosts" value="local|*.local|169.254/16|*.169.254/16"/>
    <property name="java.runtime.version" value="22.0.2"/>
    <property name="user.name" value="sanjay"/>
    <property name="stdout.encoding" value="UTF-8"/>
    <property name="path.separator" value=":"/>
    <property name="os.version" value="14.6.1"/>
    <property name="java.runtime.name" value="OpenJDK Runtime Environment"/>
    <property name="file.encoding" value="UTF-8"/>
    <property name="java.vm.name" value="OpenJDK 64-Bit Server VM"/>
    <property name="java.vendor.version" value="Homebrew"/>
    <property name="localRepository" value="/Users/sanjay/.m2/repository"/>
    <property name="java.vendor.url.bug" value="https://github.com/Homebrew/homebrew-core/issues"/>
    <property name="java.io.tmpdir" value="/var/folders/1c/w_6_p1q11lbc0q33pjlf7szw0000gn/T/"/>
    <property name="java.version" value="22.0.2"/>
    <property name="user.dir" value="/Users/sanjay/Documents/UIUC/CS425/CS425-Distributed-Systems/grepclient"/>
    <property name="os.arch" value="aarch64"/>
    <property name="java.vm.specification.name" value="Java Virtual Machine Specification"/>
    <property name="native.encoding" value="UTF-8"/>
    <property name="java.library.path" value="/Users/sanjay/Library/Java/Extensions:/Library/Java/Extensions:/Network/Library/Java/Extensions:/System/Library/Java/Extensions:/usr/lib/java:."/>
    <property name="java.vm.info" value="mixed mode, sharing"/>
    <property name="stderr.encoding" value="UTF-8"/>
    <property name="java.vendor" value="Homebrew"/>
    <property name="java.vm.version" value="22.0.2"/>
    <property name="sun.io.unicode.encoding" value="UnicodeBig"/>
    <property name="socksNonProxyHosts" value="local|*.local|169.254/16|*.169.254/16"/>
    <property name="java.class.version" value="66.0"/>
  </properties>
  <testcase name="shouldCheckFrequentPattern" classname="com.grepclient.AppTest" time="0.05">
    <failure message="expected:&lt;4&gt; but was:&lt;0&gt;" type="java.lang.AssertionError"><![CDATA[java.lang.AssertionError: expected:<4> but was:<0>
	at com.grepclient.AppTest.shouldCheckFrequentPattern(AppTest.java:49)
]]></failure>
    <system-out><![CDATA[Enter your grep command
fa24-cs425-9901.cs.illinois.edu is currently offline :( WOMP WOMP
fa24-cs425-9902.cs.illinois.edu is currently offline :( WOMP WOMP
fa24-cs425-9903.cs.illinois.edu is currently offline :( WOMP WOMP
fa24-cs425-9904.cs.illinois.edu is currently offline :( WOMP WOMP
Total Count of Matching line items: 0
Total Execution time (Milliseconds): 46
files: 0
]]></system-out>
  </testcase>
  <testcase name="shouldCheckPartialFrequentPattern" classname="com.grepclient.AppTest" time="0.001">
    <failure message="expected:&lt;4&gt; but was:&lt;0&gt;" type="java.lang.AssertionError"><![CDATA[java.lang.AssertionError: expected:<4> but was:<0>
	at com.grepclient.AppTest.shouldCheckPartialFrequentPattern(AppTest.java:95)
]]></failure>
    <system-out><![CDATA[Enter your grep command
fa24-cs425-9901.cs.illinois.edu is currently offline :( WOMP WOMP
fa24-cs425-9902.cs.illinois.edu is currently offline :( WOMP WOMP
fa24-cs425-9903.cs.illinois.edu is currently offline :( WOMP WOMP
fa24-cs425-9904.cs.illinois.edu is currently offline :( WOMP WOMP
Total Count of Matching line items: 0
Total Execution time (Milliseconds): 1
files: 0
]]></system-out>
  </testcase>
  <testcase name="shouldCheckRegexPattern" classname="com.grepclient.AppTest" time="0.002">
    <failure message="expected:&lt;4&gt; but was:&lt;0&gt;" type="java.lang.AssertionError"><![CDATA[java.lang.AssertionError: expected:<4> but was:<0>
	at com.grepclient.AppTest.shouldCheckRegexPattern(AppTest.java:118)
]]></failure>
    <system-out><![CDATA[Enter your grep command
fa24-cs425-9901.cs.illinois.edu is currently offline :( WOMP WOMP
fa24-cs425-9902.cs.illinois.edu is currently offline :( WOMP WOMP
fa24-cs425-9903.cs.illinois.edu is currently offline :( WOMP WOMP
fa24-cs425-9904.cs.illinois.edu is currently offline :( WOMP WOMP
Total Count of Matching line items: 0
Total Execution time (Milliseconds): 0
files: 0
]]></system-out>
  </testcase>
  <testcase name="shouldCheckRarePattern" classname="com.grepclient.AppTest" time="0.001">
    <failure message="expected:&lt;4&gt; but was:&lt;0&gt;" type="java.lang.AssertionError"><![CDATA[java.lang.AssertionError: expected:<4> but was:<0>
	at com.grepclient.AppTest.shouldCheckRarePattern(AppTest.java:72)
]]></failure>
    <system-out><![CDATA[Enter your grep command
fa24-cs425-9901.cs.illinois.edu is currently offline :( WOMP WOMP
fa24-cs425-9902.cs.illinois.edu is currently offline :( WOMP WOMP
fa24-cs425-9903.cs.illinois.edu is currently offline :( WOMP WOMP
fa24-cs425-9904.cs.illinois.edu is currently offline :( WOMP WOMP
Total Count of Matching line items: 0
Total Execution time (Milliseconds): 1
files: 0
]]></system-out>
  </testcase>
  <testcase name="shouldCheckOneFilePattern" classname="com.grepclient.AppTest" time="0.001">
    <failure message="expected:&lt;1&gt; but was:&lt;0&gt;" type="java.lang.AssertionError"><![CDATA[java.lang.AssertionError: expected:<1> but was:<0>
	at com.grepclient.AppTest.shouldCheckOneFilePattern(AppTest.java:25)
]]></failure>
    <system-out><![CDATA[Enter your grep command
fa24-cs425-9901.cs.illinois.edu is currently offline :( WOMP WOMP
fa24-cs425-9902.cs.illinois.edu is currently offline :( WOMP WOMP
fa24-cs425-9903.cs.illinois.edu is currently offline :( WOMP WOMP
fa24-cs425-9904.cs.illinois.edu is currently offline :( WOMP WOMP
Total Count of Matching line items: 0
Total Execution time (Milliseconds): 1
files: 0
]]></system-out>
  </testcase>
</testsuite>